<?xml version="1.0" encoding="UTF-8"?>
<testsuite xmlns:xsi="http://www.w3.org/2001/XMLSchema-instance" xsi:noNamespaceSchemaLocation="https://maven.apache.org/surefire/maven-surefire-plugin/xsd/surefire-test-report-3.0.xsd" version="3.0" name="com.spandan.review.application.ReviewStateMachineTest" time="0.193" tests="12" errors="0" skipped="0" failures="0">
  <properties>
[...]
</properties>
  <testcase name="shouldRejectEditFromRejected" classname="com.spandan.review.application.ReviewStateMachineTest" time="0.016"/>
  <testcase name="shouldAllowEditFromApproved" classname="com.spandan.review.application.ReviewStateMachineTest" time="0.009"/>
  <testcase name="shouldAllowEditFromPending" classname="com.spandan.review.application.ReviewStateMachineTest" time="0.003"/>
  <testcase name="shouldRejectApproveFromApproved" classname="com.spandan.review.application.ReviewStateMachineTest" time="0.008"/>
  <testcase name="shouldAllowRejectFromPending" classname="com.spandan.review.application.ReviewStateMachineTest" time="0.003"/>
  <testcase name="shouldRejectApproveFromOrphaned" classname="com.spandan.review.application.ReviewStateMachineTest" time="0.004"/>
  <testcase name="shouldRejectRejectFromRejected" classname="com.spandan.review.application.ReviewStateMachineTest" time="0.013"/>
  <testcase name="shouldDetectTerminalStates" classname="com.spandan.review.application.ReviewStateMachineTest" time="0.034"/>
  <testcase name="shouldRejectEditFromOrphaned" classname="com.spandan.review.application.ReviewStateMachineTest" time="0.016"/>
  <testcase name="shouldDetectSetCompletion" classname="com.spandan.review.application.ReviewStateMachineTest" time="0.002"/>
  <testcase name="shouldAllowApproveFromPending" classname="com.spandan.review.application.ReviewStateMachineTest" time="0.006"/>
  <testcase name="shouldRejectApproveFromRejected" classname="com.spandan.review.application.ReviewStateMachineTest" time="0.01"/>
</testsuite>